<?xml version="1.0" encoding="UTF-8"?>
<!-- Generated by org.testng.reporters.JUnitReportReporter -->
<testsuite hostname="LAPTOP-N2RCS5RO" failures="0" tests="4" name="it.eserciziofo.pom.PageHome" time="2.161" errors="0" timestamp="2021-07-30T15:53:24 CEST" skipped="0">
  <testcase classname="it.eserciziofo.pom.PageHome" name="checkDescrizione" time="0.455"/>
  <system-out/>
  <testcase classname="it.eserciziofo.pom.PageHome" name="checkMetaFavicon" time="0.839"/>
  <system-out/>
  <testcase classname="it.eserciziofo.pom.PageHome" name="checkUrlTitle" time="0.006"/>
  <system-out/>
  <testcase classname="it.eserciziofo.pom.PageHome" name="checkLink" time="0.861"/>
  <system-out/>
</testsuite> <!-- it.eserciziofo.pom.PageHome -->
