<?xml version="1.0" encoding="UTF-8"?>
<!-- Generated by org.testng.reporters.JUnitReportReporter -->
<testsuite hostname="LAPTOP-N2RCS5RO" failures="0" tests="1" name="it.eserciziofo.classiplus.NewTest" time="8.245" errors="0" timestamp="2021-09-09T10:49:37 CEST" skipped="0">
  <testcase classname="it.eserciziofo.classiplus.NewTest" name="f" time="8.245"/>
  <system-out/>
</testsuite> <!-- it.eserciziofo.classiplus.NewTest -->
