<?xml version="1.0" encoding="UTF-8"?>
<!-- Generated by org.testng.reporters.JUnitReportReporter -->
<testsuite hostname="LAPTOP-N2RCS5RO" failures="0" tests="1" name="it.eserciziofo.siinfo_test.HomePageTest" time="0.522" errors="0" timestamp="2021-07-28T10:39:05 CEST" skipped="0">
  <testcase classname="it.eserciziofo.siinfo_test.HomePageTest" name="checkCounterWork" time="0.522"/>
  <system-out/>
</testsuite> <!-- it.eserciziofo.siinfo_test.HomePageTest -->
