<?xml version="1.0" encoding="UTF-8"?>
<!-- Generated by org.testng.reporters.JUnitReportReporter -->
<testsuite hostname="LAPTOP-N2RCS5RO" failures="0" tests="3" name="it.eserciziofo.test.test" time="49.975" errors="0" timestamp="2021-08-02T11:32:40 CEST" skipped="0">
  <testcase classname="it.eserciziofo.test.test" name="run1" time="14.066"/>
  <system-out/>
  <testcase classname="it.eserciziofo.test.test" name="run2" time="21.545"/>
  <system-out/>
  <testcase classname="it.eserciziofo.test.test" name="run3" time="14.364"/>
  <system-out/>
</testsuite> <!-- it.eserciziofo.test.test -->
