<?xml version="1.0" encoding="UTF-8"?>
<!-- Generated by org.testng.reporters.JUnitReportReporter -->
<testsuite hostname="LAPTOP-N2RCS5RO" failures="0" tests="100" name="principale.Run" time="395.248" errors="0" timestamp="2021-07-16T16:34:40 CEST" skipped="0">
  <testcase classname="principale.Run" name="eseguiTest" time="3.842"/>
  <system-out/>
  <testcase classname="principale.Run" name="eseguiTest" time="3.353"/>
  <system-out/>
  <testcase classname="principale.Run" name="eseguiTest" time="8.065"/>
  <system-out/>
  <testcase classname="principale.Run" name="eseguiTest" time="3.979"/>
  <system-out/>
  <testcase classname="principale.Run" name="eseguiTest" time="3.598"/>
  <system-out/>
  <testcase classname="principale.Run" name="eseguiTest" time="3.752"/>
  <system-out/>
  <testcase classname="principale.Run" name="eseguiTest" time="3.826"/>
  <system-out/>
  <testcase classname="principale.Run" name="eseguiTest" time="3.844"/>
  <system-out/>
  <testcase classname="principale.Run" name="eseguiTest" time="3.692"/>
  <system-out/>
  <testcase classname="principale.Run" name="eseguiTest" time="3.663"/>
  <system-out/>
  <testcase classname="principale.Run" name="eseguiTest" time="3.939"/>
  <system-out/>
  <testcase classname="principale.Run" name="eseguiTest" time="3.932"/>
  <system-out/>
  <testcase classname="principale.Run" name="eseguiTest" time="3.301"/>
  <system-out/>
  <testcase classname="principale.Run" name="eseguiTest" time="3.824"/>
  <system-out/>
  <testcase classname="principale.Run" name="eseguiTest" time="3.707"/>
  <system-out/>
  <testcase classname="principale.Run" name="eseguiTest" time="3.278"/>
  <system-out/>
  <testcase classname="principale.Run" name="eseguiTest" time="3.384"/>
  <system-out/>
  <testcase classname="principale.Run" name="eseguiTest" time="3.718"/>
  <system-out/>
  <testcase classname="principale.Run" name="eseguiTest" time="3.868"/>
  <system-out/>
  <testcase classname="principale.Run" name="eseguiTest" time="3.445"/>
  <system-out/>
  <testcase classname="principale.Run" name="eseguiTest" time="3.748"/>
  <system-out/>
  <testcase classname="principale.Run" name="eseguiTest" time="3.827"/>
  <system-out/>
  <testcase classname="principale.Run" name="eseguiTest" time="4.290"/>
  <system-out/>
  <testcase classname="principale.Run" name="eseguiTest" time="3.892"/>
  <system-out/>
  <testcase classname="principale.Run" name="eseguiTest" time="3.552"/>
  <system-out/>
  <testcase classname="principale.Run" name="eseguiTest" time="4.117"/>
  <system-out/>
  <testcase classname="principale.Run" name="eseguiTest" time="3.902"/>
  <system-out/>
  <testcase classname="principale.Run" name="eseguiTest" time="3.544"/>
  <system-out/>
  <testcase classname="principale.Run" name="eseguiTest" time="3.655"/>
  <system-out/>
  <testcase classname="principale.Run" name="eseguiTest" time="3.636"/>
  <system-out/>
  <testcase classname="principale.Run" name="eseguiTest" time="3.847"/>
  <system-out/>
  <testcase classname="principale.Run" name="eseguiTest" time="3.435"/>
  <system-out/>
  <testcase classname="principale.Run" name="eseguiTest" time="3.496"/>
  <system-out/>
  <testcase classname="principale.Run" name="eseguiTest" time="3.663"/>
  <system-out/>
  <testcase classname="principale.Run" name="eseguiTest" time="4.205"/>
  <system-out/>
  <testcase classname="principale.Run" name="eseguiTest" time="7.564"/>
  <system-out/>
  <testcase classname="principale.Run" name="eseguiTest" time="3.812"/>
  <system-out/>
  <testcase classname="principale.Run" name="eseguiTest" time="3.897"/>
  <system-out/>
  <testcase classname="principale.Run" name="eseguiTest" time="3.833"/>
  <system-out/>
  <testcase classname="principale.Run" name="eseguiTest" time="3.523"/>
  <system-out/>
  <testcase classname="principale.Run" name="eseguiTest" time="4.478"/>
  <system-out/>
  <testcase classname="principale.Run" name="eseguiTest" time="3.441"/>
  <system-out/>
  <testcase classname="principale.Run" name="eseguiTest" time="3.935"/>
  <system-out/>
  <testcase classname="principale.Run" name="eseguiTest" time="3.915"/>
  <system-out/>
  <testcase classname="principale.Run" name="eseguiTest" time="3.480"/>
  <system-out/>
  <testcase classname="principale.Run" name="eseguiTest" time="3.640"/>
  <system-out/>
  <testcase classname="principale.Run" name="eseguiTest" time="4.092"/>
  <system-out/>
  <testcase classname="principale.Run" name="eseguiTest" time="4.031"/>
  <system-out/>
  <testcase classname="principale.Run" name="eseguiTest" time="3.301"/>
  <system-out/>
  <testcase classname="principale.Run" name="eseguiTest" time="3.594"/>
  <system-out/>
  <testcase classname="principale.Run" name="eseguiTest" time="3.570"/>
  <system-out/>
  <testcase classname="principale.Run" name="eseguiTest" time="3.342"/>
  <system-out/>
  <testcase classname="principale.Run" name="eseguiTest" time="4.109"/>
  <system-out/>
  <testcase classname="principale.Run" name="eseguiTest" time="7.858"/>
  <system-out/>
  <testcase classname="principale.Run" name="eseguiTest" time="3.388"/>
  <system-out/>
  <testcase classname="principale.Run" name="eseguiTest" time="3.749"/>
  <system-out/>
  <testcase classname="principale.Run" name="eseguiTest" time="8.031"/>
  <system-out/>
  <testcase classname="principale.Run" name="eseguiTest" time="3.847"/>
  <system-out/>
  <testcase classname="principale.Run" name="eseguiTest" time="3.428"/>
  <system-out/>
  <testcase classname="principale.Run" name="eseguiTest" time="3.865"/>
  <system-out/>
  <testcase classname="principale.Run" name="eseguiTest" time="3.460"/>
  <system-out/>
  <testcase classname="principale.Run" name="eseguiTest" time="3.584"/>
  <system-out/>
  <testcase classname="principale.Run" name="eseguiTest" time="3.539"/>
  <system-out/>
  <testcase classname="principale.Run" name="eseguiTest" time="3.943"/>
  <system-out/>
  <testcase classname="principale.Run" name="eseguiTest" time="3.851"/>
  <system-out/>
  <testcase classname="principale.Run" name="eseguiTest" time="3.316"/>
  <system-out/>
  <testcase classname="principale.Run" name="eseguiTest" time="3.486"/>
  <system-out/>
  <testcase classname="principale.Run" name="eseguiTest" time="3.835"/>
  <system-out/>
  <testcase classname="principale.Run" name="eseguiTest" time="3.648"/>
  <system-out/>
  <testcase classname="principale.Run" name="eseguiTest" time="3.756"/>
  <system-out/>
  <testcase classname="principale.Run" name="eseguiTest" time="4.078"/>
  <system-out/>
  <testcase classname="principale.Run" name="eseguiTest" time="3.891"/>
  <system-out/>
  <testcase classname="principale.Run" name="eseguiTest" time="3.858"/>
  <system-out/>
  <testcase classname="principale.Run" name="eseguiTest" time="3.985"/>
  <system-out/>
  <testcase classname="principale.Run" name="eseguiTest" time="3.832"/>
  <system-out/>
  <testcase classname="principale.Run" name="eseguiTest" time="3.924"/>
  <system-out/>
  <testcase classname="principale.Run" name="eseguiTest" time="3.310"/>
  <system-out/>
  <testcase classname="principale.Run" name="eseguiTest" time="3.707"/>
  <system-out/>
  <testcase classname="principale.Run" name="eseguiTest" time="7.580"/>
  <system-out/>
  <testcase classname="principale.Run" name="eseguiTest" time="3.519"/>
  <system-out/>
  <testcase classname="principale.Run" name="eseguiTest" time="3.911"/>
  <system-out/>
  <testcase classname="principale.Run" name="eseguiTest" time="3.823"/>
  <system-out/>
  <testcase classname="principale.Run" name="eseguiTest" time="3.848"/>
  <system-out/>
  <testcase classname="principale.Run" name="eseguiTest" time="3.850"/>
  <system-out/>
  <testcase classname="principale.Run" name="eseguiTest" time="3.481"/>
  <system-out/>
  <testcase classname="principale.Run" name="eseguiTest" time="3.457"/>
  <system-out/>
  <testcase classname="principale.Run" name="eseguiTest" time="4.071"/>
  <system-out/>
  <testcase classname="principale.Run" name="eseguiTest" time="4.195"/>
  <system-out/>
  <testcase classname="principale.Run" name="eseguiTest" time="3.573"/>
  <system-out/>
  <testcase classname="principale.Run" name="eseguiTest" time="3.676"/>
  <system-out/>
  <testcase classname="principale.Run" name="eseguiTest" time="3.876"/>
  <system-out/>
  <testcase classname="principale.Run" name="eseguiTest" time="3.609"/>
  <system-out/>
  <testcase classname="principale.Run" name="eseguiTest" time="3.687"/>
  <system-out/>
  <testcase classname="principale.Run" name="eseguiTest" time="3.725"/>
  <system-out/>
  <testcase classname="principale.Run" name="eseguiTest" time="3.900"/>
  <system-out/>
  <testcase classname="principale.Run" name="eseguiTest" time="3.810"/>
  <system-out/>
  <testcase classname="principale.Run" name="eseguiTest" time="3.836"/>
  <system-out/>
  <testcase classname="principale.Run" name="eseguiTest" time="4.136"/>
  <system-out/>
  <testcase classname="principale.Run" name="eseguiTest" time="4.597"/>
  <system-out/>
  <testcase classname="principale.Run" name="eseguiTest" time="3.543"/>
  <system-out/>
</testsuite> <!-- principale.Run -->
