<?xml version="1.0" encoding="UTF-8"?>
<!-- Generated by org.testng.reporters.JUnitReportReporter -->
<testsuite hostname="LAPTOP-N2RCS5RO" failures="0" tests="2" name="it.eserciziofo.test.Run" time="22.678" errors="0" timestamp="2021-07-30T15:29:59 CEST" skipped="0">
  <testcase classname="it.eserciziofo.test.Run" name="run" time="11.213"/>
  <system-out/>
  <testcase classname="it.eserciziofo.test.Run" name="run" time="11.465"/>
  <system-out/>
</testsuite> <!-- it.eserciziofo.test.Run -->
