<?xml version="1.0" encoding="UTF-8"?>
<!-- Generated by org.testng.reporters.JUnitReportReporter -->
<testsuite hostname="LAPTOP-N2RCS5RO" failures="0" tests="1" name="it.eserciziofo.pom.PageSerivizi" time="0.781" errors="0" timestamp="2021-07-26T02:34:57 CEST" skipped="0">
  <testcase classname="it.eserciziofo.pom.PageSerivizi" name="checkTesto" time="0.781"/>
  <system-out/>
</testsuite> <!-- it.eserciziofo.pom.PageSerivizi -->
