<?xml version="1.0" encoding="UTF-8"?>
<!-- Generated by org.testng.reporters.JUnitReportReporter -->
<testsuite hostname="LAPTOP-N2RCS5RO" failures="0" tests="1" name="it.eserciziofo.pom.prova" time="0.011" errors="0" timestamp="2021-09-03T16:00:39 CEST" skipped="0">
  <testcase classname="it.eserciziofo.pom.prova" name="test" time="0.011"/>
  <system-out/>
</testsuite> <!-- it.eserciziofo.pom.prova -->
