<?xml version="1.0" encoding="UTF-8"?>
<!-- Generated by org.testng.reporters.JUnitReportReporter -->
<testsuite hostname="LAPTOP-N2RCS5RO" failures="0" tests="1" name="it.eserciziofo.utility.AperturaLink" time="5.349" errors="0" timestamp="2021-07-25T18:53:00 CEST" skipped="0">
  <testcase classname="it.eserciziofo.utility.AperturaLink" name="runBrowser" time="5.349"/>
  <system-out/>
</testsuite> <!-- it.eserciziofo.utility.AperturaLink -->
