<?xml version="1.0" encoding="UTF-8"?>
<!-- Generated by org.testng.reporters.JUnitReportReporter -->
<testsuite hostname="LAPTOP-N2RCS5RO" failures="0" tests="3" name="it.eserciziofo.pom.BasePage" time="89.575" errors="0" timestamp="2021-08-09T18:25:23 CEST" skipped="0">
  <testcase classname="it.eserciziofo.pom.BasePage" name="runBrowser" time="53.338"/>
  <system-out/>
  <testcase classname="it.eserciziofo.pom.BasePage" name="runBrowser" time="18.771"/>
  <system-out/>
  <testcase classname="it.eserciziofo.pom.BasePage" name="runBrowser" time="17.466"/>
  <system-out/>
</testsuite> <!-- it.eserciziofo.pom.BasePage -->
